<?xml version="1.0" encoding="UTF-8"?>
<testng-results skipped="0" failed="0" total="1" passed="1">
  <reporter-output>
  </reporter-output>
  <suite name="Suite" duration-ms="8073" started-at="2018-08-01T10:02:22Z" finished-at="2018-08-01T10:02:30Z">
    <groups>
    </groups>
    <test name="Test" duration-ms="8073" started-at="2018-08-01T10:02:22Z" finished-at="2018-08-01T10:02:30Z">
      <class name="TestNG.Sample">
        <test-method status="PASS" signature="openbrowser()[pri:0, instance:TestNG.Sample@7fac631b]" name="openbrowser" is-config="true" duration-ms="5299" started-at="2018-08-01T15:32:22Z" finished-at="2018-08-01T15:32:27Z">
          <reporter-output>
          </reporter-output>
        </test-method> <!-- openbrowser -->
        <test-method status="PASS" signature="open()[pri:0, instance:TestNG.Sample@7fac631b]" name="open" duration-ms="2755" started-at="2018-08-01T15:32:27Z" finished-at="2018-08-01T15:32:30Z">
          <reporter-output>
          </reporter-output>
        </test-method> <!-- open -->
      </class> <!-- TestNG.Sample -->
    </test> <!-- Test -->
  </suite> <!-- Suite -->
</testng-results>
